{
  "RSpec": {
    "coverage": {
      "/Users/tom/Makers/week10/bank/spec/bank_account_spec.rb": [
        1,
        null,
        1,
        3,
        null,
        1,
        1,
        1,
        1,
        0,
        null,
        null,
        null,
        1,
        1,
        0,
        0,
        null,
        null,
        null,
        1,
        1,
        0,
        0,
        null,
        null,
        null,
        null,
        null,
        null,
        1,
        1,
        1,
        1,
        2,
        2,
        null,
        null,
        null,
        1,
        1,
        2,
        2,
        null,
        null,
        null,
        1,
        1,
        1,
        1,
        1,
        null,
        null,
        null,
        1,
        1,
        1,
        1,
        1,
        null,
        null,
        null,
        null,
        null
      ],
      "/Users/tom/Makers/week10/bank/lib/bank_account.rb": [
        null,
        1,
        1,
        null,
        1,
        4,
        null,
        null,
        1,
        4,
        null,
        null
      ]
    },
    "timestamp": 1514891887
  }
}
