{
  "RSpec": {
    "coverage": {
      "/Users/tom/Makers/week10/bank/spec/bank_account_spec.rb": [
        1,
        null,
        1,
        7,
        null,
        1,
        1,
        1,
        1,
        1,
        null,
        null,
        null,
        1,
        1,
        1,
        1,
        null,
        null,
        null,
        1,
        1,
        1,
        1,
        null,
        null,
        null,
        null,
        null,
        1,
        1,
        1,
        1,
        2,
        2,
        null,
        null,
        null,
        1,
        1,
        2,
        2,
        null,
        null,
        null,
        1,
        1,
        1,
        1,
        1,
        null,
        null,
        null,
        1,
        1,
        1,
        1,
        1,
        null,
        null,
        null,
        null,
        null,
        1,
        5,
        1,
        1,
        1,
        1,
        1,
        null,
        null,
        null,
        1,
        1,
        1,
        1,
        null,
        null,
        null,
        1,
        1,
        1,
        1,
        null,
        null,
        null,
        null,
        1,
        1,
        2,
        null,
        null,
        null,
        null,
        null,
        1,
        4,
        3,
        null,
        1,
        1,
        1,
        2,
        null,
        null,
        null,
        null,
        1,
        1,
        1,
        1,
        null,
        2,
        null,
        null,
        null,
        null,
        1,
        1,
        1,
        1,
        1,
        null,
        null,
        2,
        null,
        null,
        null,
        null,
        null,
        null
      ],
      "/Users/tom/Makers/week10/bank/lib/bank_account.rb": [
        1,
        null,
        null,
        1,
        1,
        null,
        1,
        14,
        14,
        null,
        null,
        1,
        6,
        6,
        null,
        null,
        null,
        null,
        null,
        6,
        null,
        null,
        1,
        5,
        4,
        null,
        null,
        null,
        null,
        null,
        4,
        null,
        null,
        1,
        3,
        3,
        3,
        null,
        null,
        null,
        null,
        null,
        null
      ],
      "/Users/tom/Makers/week10/bank/lib/helpers.rb": [
        1,
        1,
        20,
        null,
        null,
        null,
        1,
        1,
        4,
        null,
        null
      ]
    },
    "timestamp": 1514907809
  }
}
